0 info it worked if it ends with ok
1 verbose cli [ '/usr/local/bin/node',
1 verbose cli   '/usr/local/bin/npm',
1 verbose cli   'install',
1 verbose cli   '-g',
1 verbose cli   'jasmine' ]
2 info using npm@2.14.12
3 info using node@v4.2.5
4 verbose install initial load of /usr/local/lib/package.json
5 verbose readDependencies loading dependencies from /usr/local/lib/package.json
6 silly cache add args [ 'jasmine', null ]
7 verbose cache add spec jasmine
8 silly cache add parsed spec Result {
8 silly cache add   raw: 'jasmine',
8 silly cache add   scope: null,
8 silly cache add   name: 'jasmine',
8 silly cache add   rawSpec: '',
8 silly cache add   spec: 'latest',
8 silly cache add   type: 'tag' }
9 silly addNamed jasmine@latest
10 verbose addNamed "latest" is being treated as a dist-tag for jasmine
11 info addNameTag [ 'jasmine', 'latest' ]
12 silly mapToRegistry name jasmine
13 silly mapToRegistry using default registry
14 silly mapToRegistry registry https://registry.npmjs.org/
15 silly mapToRegistry uri https://registry.npmjs.org/jasmine
16 verbose addNameTag registry:https://registry.npmjs.org/jasmine not in flight; fetching
17 verbose request uri https://registry.npmjs.org/jasmine
18 verbose request no auth needed
19 info attempt registry request try #1 at 9:38:03 AM
20 verbose request id cf3528c63d538fd3
21 verbose etag "DTICB4ERGFCXY0OBIU1QXM0X2"
22 http request GET https://registry.npmjs.org/jasmine
23 http 304 https://registry.npmjs.org/jasmine
24 verbose headers { date: 'Mon, 22 Feb 2016 14:38:02 GMT',
24 verbose headers   via: '1.1 varnish',
24 verbose headers   'cache-control': 'max-age=300',
24 verbose headers   etag: '"DTICB4ERGFCXY0OBIU1QXM0X2"',
24 verbose headers   age: '80',
24 verbose headers   connection: 'keep-alive',
24 verbose headers   'x-served-by': 'cache-iad2138-IAD',
24 verbose headers   'x-cache': 'HIT',
24 verbose headers   'x-cache-hits': '2',
24 verbose headers   'x-timer': 'S1456151882.931968,VS0,VE0',
24 verbose headers   vary: 'Accept' }
25 silly get cb [ 304,
25 silly get   { date: 'Mon, 22 Feb 2016 14:38:02 GMT',
25 silly get     via: '1.1 varnish',
25 silly get     'cache-control': 'max-age=300',
25 silly get     etag: '"DTICB4ERGFCXY0OBIU1QXM0X2"',
25 silly get     age: '80',
25 silly get     connection: 'keep-alive',
25 silly get     'x-served-by': 'cache-iad2138-IAD',
25 silly get     'x-cache': 'HIT',
25 silly get     'x-cache-hits': '2',
25 silly get     'x-timer': 'S1456151882.931968,VS0,VE0',
25 silly get     vary: 'Accept' } ]
26 verbose etag https://registry.npmjs.org/jasmine from cache
27 verbose get saving jasmine to /Users/yusrawahbah/.npm/registry.npmjs.org/jasmine/.cache.json
28 silly addNameTag next cb for jasmine with tag latest
29 silly addNamed jasmine@2.4.1
30 verbose addNamed "2.4.1" is a plain semver version for jasmine
31 silly cache afterAdd jasmine@2.4.1
32 verbose afterAdd /Users/yusrawahbah/.npm/jasmine/2.4.1/package/package.json not in flight; writing
33 verbose afterAdd /Users/yusrawahbah/.npm/jasmine/2.4.1/package/package.json written
34 silly install resolved [ { name: 'jasmine',
34 silly install resolved     description: 'Command line jasmine',
34 silly install resolved     homepage: 'http://jasmine.github.io/',
34 silly install resolved     keywords: [ 'test', 'jasmine', 'tdd', 'bdd' ],
34 silly install resolved     license: 'MIT',
34 silly install resolved     version: '2.4.1',
34 silly install resolved     repository:
34 silly install resolved      { type: 'git',
34 silly install resolved        url: 'git+https://github.com/jasmine/jasmine-npm.git' },
34 silly install resolved     scripts: { test: 'grunt && ./bin/jasmine.js' },
34 silly install resolved     dependencies: { exit: '^0.1.2', glob: '^3.2.11', 'jasmine-core': '~2.4.0' },
34 silly install resolved     bin: { jasmine: './bin/jasmine.js' },
34 silly install resolved     main: './lib/jasmine.js',
34 silly install resolved     devDependencies:
34 silly install resolved      { grunt: '^0.4.2',
34 silly install resolved        'grunt-cli': '^0.1.13',
34 silly install resolved        'grunt-contrib-jshint': '^0.11.0',
34 silly install resolved        shelljs: '^0.3.0' },
34 silly install resolved     gitHead: '17344da242f81c61e4d19a895960bf9414fae07d',
34 silly install resolved     bugs: { url: 'https://github.com/jasmine/jasmine-npm/issues' },
34 silly install resolved     _id: 'jasmine@2.4.1',
34 silly install resolved     _shasum: '9016dda453213d27ac6d43dc4ea97315a189085e',
34 silly install resolved     _from: 'jasmine@latest',
34 silly install resolved     _npmVersion: '2.12.1',
34 silly install resolved     _nodeVersion: '0.12.7',
34 silly install resolved     _npmUser: { name: 'slackersoft', email: 'gregg@slackersoft.net' },
34 silly install resolved     maintainers: [ [Object], [Object], [Object] ],
34 silly install resolved     dist:
34 silly install resolved      { shasum: '9016dda453213d27ac6d43dc4ea97315a189085e',
34 silly install resolved        tarball: 'http://registry.npmjs.org/jasmine/-/jasmine-2.4.1.tgz' },
34 silly install resolved     directories: {},
34 silly install resolved     _resolved: 'https://registry.npmjs.org/jasmine/-/jasmine-2.4.1.tgz',
34 silly install resolved     readme: 'ERROR: No README data found!' } ]
35 info install jasmine@2.4.1 into /usr/local/lib
36 info installOne jasmine@2.4.1
37 verbose installOne of jasmine to /usr/local/lib not in flight; installing
38 verbose lock using /Users/yusrawahbah/.npm/_locks/jasmine-166463d93d0f0777.lock for /usr/local/lib/node_modules/jasmine
39 silly install write writing jasmine 2.4.1 to /usr/local/lib/node_modules/jasmine
40 verbose unbuild lib/node_modules/jasmine
41 info preuninstall jasmine@2.4.1
42 info uninstall jasmine@2.4.1
43 verbose unbuild rmStuff jasmine@2.4.1 from /usr/local/lib/node_modules
44 silly gentlyRm /usr/local/bin/jasmine is being gently removed
45 silly gentlyRm verifying /usr/local is an npm working directory
46 silly gentlyRm containing path /usr/local is under npm's control, in /usr/local
47 silly gentlyRm deletion target /usr/local/bin/jasmine is under /usr/local
48 verbose gentlyRm vacuuming from /usr/local/bin/jasmine up to /usr/local
49 silly vacuum-fs removing /usr/local/bin/jasmine
50 silly vacuum-fs quitting because other entries in /usr/local/bin
51 info postuninstall jasmine@2.4.1
52 silly gentlyRm /usr/local/lib/node_modules/jasmine is being purged from base /usr/local
53 verbose gentlyRm don't care about contents; nuking /usr/local/lib/node_modules/jasmine
54 silly vacuum-fs purging /usr/local/lib/node_modules/jasmine
55 verbose unlock done using /Users/yusrawahbah/.npm/_locks/jasmine-166463d93d0f0777.lock for /usr/local/lib/node_modules/jasmine
56 verbose stack Error: EACCES: permission denied, unlink '/usr/local/lib/node_modules/jasmine/.travis.yml'
56 verbose stack     at Error (native)
57 verbose cwd /Users/yusrawahbah/Documents/252/math_section1/math/math_section1/math_section1
58 error Darwin 11.4.2
59 error argv "/usr/local/bin/node" "/usr/local/bin/npm" "install" "-g" "jasmine"
60 error node v4.2.5
61 error npm  v2.14.12
62 error path /usr/local/lib/node_modules/jasmine/.travis.yml
63 error code EACCES
64 error errno -13
65 error syscall unlink
66 error Error: EACCES: permission denied, unlink '/usr/local/lib/node_modules/jasmine/.travis.yml'
66 error     at Error (native)
66 error  { [Error: EACCES: permission denied, unlink '/usr/local/lib/node_modules/jasmine/.travis.yml']
66 error   errno: -13,
66 error   code: 'EACCES',
66 error   syscall: 'unlink',
66 error   path: '/usr/local/lib/node_modules/jasmine/.travis.yml' }
67 error Please try running this command again as root/Administrator.
68 verbose exit [ -13, true ]
69 verbose unbuild lib/node_modules/jasmine
70 info preuninstall jasmine@2.4.1
71 info uninstall jasmine@2.4.1
72 verbose unbuild rmStuff jasmine@2.4.1 from /usr/local/lib/node_modules
73 silly gentlyRm /usr/local/bin/jasmine is being gently removed
74 silly gentlyRm verifying /usr/local is an npm working directory
75 silly gentlyRm containing path /usr/local is under npm's control, in /usr/local
76 silly gentlyRm deletion target /usr/local/bin/jasmine is under /usr/local
77 verbose gentlyRm vacuuming from /usr/local/bin/jasmine up to /usr/local
78 info postuninstall jasmine@2.4.1
79 silly gentlyRm /usr/local/lib/node_modules/jasmine is being purged from base /usr/local
80 verbose gentlyRm don't care about contents; nuking /usr/local/lib/node_modules/jasmine
81 silly vacuum-fs purging /usr/local/lib/node_modules/jasmine
82 error error rolling back Error: EACCES: permission denied, unlink '/usr/local/lib/node_modules/jasmine/.travis.yml'
82 error error rolling back     at Error (native)
82 error error rolling back  { [Error: EACCES: permission denied, unlink '/usr/local/lib/node_modules/jasmine/.travis.yml']
82 error error rolling back   errno: -13,
82 error error rolling back   code: 'EACCES',
82 error error rolling back   syscall: 'unlink',
82 error error rolling back   path: '/usr/local/lib/node_modules/jasmine/.travis.yml' }
